2025-09-04T01:16:07.000000000Z [inf]  Starting Container
2025-09-04T01:16:08.526238488Z [err]  time="2025-09-04T01:16:07Z" level=info msg="initialization started" caller="/home/runner/work/zitadel/zitadel/cmd/initialise/init.go:70"
2025-09-04T01:16:08.526242524Z [err]  time="2025-09-04T01:16:07Z" level=info msg="verify user" caller="/home/runner/work/zitadel/zitadel/cmd/initialise/verify_user.go:40" username=postgres
2025-09-04T01:16:08.526247662Z [err]  time="2025-09-04T01:16:07Z" level=info msg="verify database" caller="/home/runner/work/zitadel/zitadel/cmd/initialise/verify_database.go:40" database=railway
2025-09-04T01:16:08.526251915Z [err]  time="2025-09-04T01:16:07Z" level=info msg="verify grant" caller="/home/runner/work/zitadel/zitadel/cmd/initialise/verify_grant.go:35" database=railway user=postgres
2025-09-04T01:16:08.526255675Z [err]  time="2025-09-04T01:16:07Z" level=info msg="verify zitadel" caller="/home/runner/work/zitadel/zitadel/cmd/initialise/verify_zitadel.go:80" database=railway
2025-09-04T01:16:08.526259720Z [err]  time="2025-09-04T01:16:07Z" level=info msg="verify system" caller="/home/runner/work/zitadel/zitadel/cmd/initialise/verify_zitadel.go:46"
2025-09-04T01:16:08.526263550Z [err]  time="2025-09-04T01:16:07Z" level=info msg="verify encryption keys" caller="/home/runner/work/zitadel/zitadel/cmd/initialise/verify_zitadel.go:51"
2025-09-04T01:16:08.526267612Z [err]  time="2025-09-04T01:16:07Z" level=info msg="verify projections" caller="/home/runner/work/zitadel/zitadel/cmd/initialise/verify_zitadel.go:56"
2025-09-04T01:16:08.526272010Z [err]  time="2025-09-04T01:16:07Z" level=info msg="verify eventstore" caller="/home/runner/work/zitadel/zitadel/cmd/initialise/verify_zitadel.go:61"
2025-09-04T01:16:08.526276484Z [err]  time="2025-09-04T01:16:07Z" level=info msg="verify events tables" caller="/home/runner/work/zitadel/zitadel/cmd/initialise/verify_zitadel.go:66"
2025-09-04T01:16:08.526282174Z [err]  time="2025-09-04T01:16:07Z" level=info msg="verify unique constraints" caller="/home/runner/work/zitadel/zitadel/cmd/initialise/verify_zitadel.go:71"
2025-09-04T01:16:08.526285910Z [err]  time="2025-09-04T01:16:07Z" level=info msg="setup started" caller="/home/runner/work/zitadel/zitadel/cmd/setup/setup.go:108"
2025-09-04T01:16:08.526291203Z [err]  time="2025-09-04T01:16:07Z" level=info msg="verify migration" caller="/home/runner/work/zitadel/zitadel/internal/migration/migration.go:46" name=14_events_push
2025-09-04T01:16:08.526296264Z [err]  time="2025-09-04T01:16:07Z" level=info msg="starting migration" caller="/home/runner/work/zitadel/zitadel/internal/migration/migration.go:69" name=14_events_push
2025-09-04T01:16:08.526301727Z [err]  time="2025-09-04T01:16:07Z" level=info msg="verify migration" caller="/home/runner/work/zitadel/zitadel/internal/migration/migration.go:46" name=40_init_push_func_v4
2025-09-04T01:16:08.526675657Z [err]  time="2025-09-04T01:16:07Z" level=info msg="starting migration" caller="/home/runner/work/zitadel/zitadel/internal/migration/migration.go:69" name=40_init_push_func_v4
2025-09-04T01:16:08.526683957Z [err]  time="2025-09-04T01:16:07Z" level=info msg="execute statement" caller="/home/runner/work/zitadel/zitadel/cmd/setup/40.go:51" file=01_type.sql migration=40_init_push_func_v4
2025-09-04T01:16:08.526688237Z [err]  time="2025-09-04T01:16:07Z" level=info msg="execute statement" caller="/home/runner/work/zitadel/zitadel/cmd/setup/40.go:51" file=02_func.sql migration=40_init_push_func_v4
2025-09-04T01:16:08.526692416Z [err]  time="2025-09-04T01:16:07Z" level=info msg="verify migration" caller="/home/runner/work/zitadel/zitadel/internal/migration/migration.go:46" name=01_tables
2025-09-04T01:16:08.526696820Z [err]  time="2025-09-04T01:16:07Z" level=info msg="starting migration" caller="/home/runner/work/zitadel/zitadel/internal/migration/migration.go:69" name=01_tables
2025-09-04T01:16:08.526700691Z [err]  time="2025-09-04T01:16:07Z" level=info msg="verify migration" caller="/home/runner/work/zitadel/zitadel/internal/migration/migration.go:46" name=02_assets
2025-09-04T01:16:08.526704811Z [err]  time="2025-09-04T01:16:07Z" level=info msg="starting migration" caller="/home/runner/work/zitadel/zitadel/internal/migration/migration.go:69" name=02_assets
2025-09-04T01:16:08.526709104Z [err]  time="2025-09-04T01:16:07Z" level=info msg="verify migration" caller="/home/runner/work/zitadel/zitadel/internal/migration/migration.go:46" name=28_add_search_table
2025-09-04T01:16:08.526714617Z [err]  time="2025-09-04T01:16:07Z" level=info msg="starting migration" caller="/home/runner/work/zitadel/zitadel/internal/migration/migration.go:69" name=28_add_search_table
2025-09-04T01:16:08.526719050Z [err]  time="2025-09-04T01:16:07Z" level=info msg="verify migration" caller="/home/runner/work/zitadel/zitadel/internal/migration/migration.go:46" name=31_add_aggregate_index_to_fields
2025-09-04T01:16:08.526723906Z [err]  time="2025-09-04T01:16:07Z" level=info msg="starting migration" caller="/home/runner/work/zitadel/zitadel/internal/migration/migration.go:69" name=31_add_aggregate_index_to_fields
2025-09-04T01:16:08.526727622Z [err]  time="2025-09-04T01:16:07Z" level=info msg="verify migration" caller="/home/runner/work/zitadel/zitadel/internal/migration/migration.go:46" name=46_init_permission_functions
2025-09-04T01:16:08.526731891Z [err]  time="2025-09-04T01:16:07Z" level=info msg="starting migration" caller="/home/runner/work/zitadel/zitadel/internal/migration/migration.go:69" name=46_init_permission_functions
2025-09-04T01:16:08.526735717Z [err]  time="2025-09-04T01:16:07Z" level=info msg="execute statement" caller="/home/runner/work/zitadel/zitadel/cmd/setup/46.go:29" file=01-role_permissions_view.sql migration=46_init_permission_functions
2025-09-04T01:16:08.526740088Z [err]  time="2025-09-04T01:16:07Z" level=info msg="execute statement" caller="/home/runner/work/zitadel/zitadel/cmd/setup/46.go:29" file=02-instance_orgs_view.sql migration=46_init_permission_functions
2025-09-04T01:16:08.526746154Z [err]  time="2025-09-04T01:16:07Z" level=info msg="execute statement" caller="/home/runner/work/zitadel/zitadel/cmd/setup/46.go:29" file=03-instance_members_view.sql migration=46_init_permission_functions
2025-09-04T01:16:08.526750365Z [err]  time="2025-09-04T01:16:07Z" level=info msg="execute statement" caller="/home/runner/work/zitadel/zitadel/cmd/setup/46.go:29" file=04-org_members_view.sql migration=46_init_permission_functions
2025-09-04T01:16:08.526754404Z [err]  time="2025-09-04T01:16:07Z" level=info msg="execute statement" caller="/home/runner/work/zitadel/zitadel/cmd/setup/46.go:29" file=05-project_members_view.sql migration=46_init_permission_functions
2025-09-04T01:16:08.526758861Z [err]  time="2025-09-04T01:16:07Z" level=info msg="execute statement" caller="/home/runner/work/zitadel/zitadel/cmd/setup/46.go:29" file=06-permitted_orgs_function.sql migration=46_init_permission_functions
2025-09-04T01:16:08.526763171Z [err]  time="2025-09-04T01:16:07Z" level=info msg="verify migration" caller="/home/runner/work/zitadel/zitadel/internal/migration/migration.go:46" name=03_default_instance
2025-09-04T01:16:08.526767296Z [err]  time="2025-09-04T01:16:07Z" level=info msg="starting migration" caller="/home/runner/work/zitadel/zitadel/internal/migration/migration.go:69" name=03_default_instance
2025-09-04T01:16:10.001670590Z [err]  time="2025-09-04T01:16:09Z" level=error msg="migration failed" caller="/home/runner/work/zitadel/zitadel/internal/migration/migration.go:71" error="open /current-dir/login-client.pat: no such file or directory" name=03_default_instance
2025-09-04T01:16:10.001676690Z [err]  time="2025-09-04T01:16:09Z" level=error msg="migration failed" caller="/home/runner/work/zitadel/zitadel/cmd/setup/setup.go:364" error="open /current-dir/login-client.pat: no such file or directory" name=03_default_instance
2025-09-04T01:16:10.001682788Z [err]  time="2025-09-04T01:16:09Z" level=fatal msg="setup failed, skipping cleanup" caller="/home/runner/work/zitadel/zitadel/cmd/setup/setup.go:124" error="migration failed: open /current-dir/login-client.pat: no such file or directory"
2025-09-04T01:16:11.110097842Z [err]  time="2025-09-04T01:16:11Z" level=info msg="initialization started" caller="/home/runner/work/zitadel/zitadel/cmd/initialise/init.go:70"
2025-09-04T01:16:11.110103375Z [err]  time="2025-09-04T01:16:11Z" level=info msg="verify user" caller="/home/runner/work/zitadel/zitadel/cmd/initialise/verify_user.go:40" username=postgres
2025-09-04T01:16:11.110109019Z [err]  time="2025-09-04T01:16:11Z" level=info msg="verify database" caller="/home/runner/work/zitadel/zitadel/cmd/initialise/verify_database.go:40" database=railway
2025-09-04T01:16:11.110114346Z [err]  time="2025-09-04T01:16:11Z" level=info msg="verify grant" caller="/home/runner/work/zitadel/zitadel/cmd/initialise/verify_grant.go:35" database=railway user=postgres
2025-09-04T01:16:11.110119929Z [err]  time="2025-09-04T01:16:11Z" level=info msg="verify zitadel" caller="/home/runner/work/zitadel/zitadel/cmd/initialise/verify_zitadel.go:80" database=railway
2025-09-04T01:16:11.128190082Z [err]  time="2025-09-04T01:16:11Z" level=info msg="verify system" caller="/home/runner/work/zitadel/zitadel/cmd/initialise/verify_zitadel.go:46"
2025-09-04T01:16:11.128196763Z [err]  time="2025-09-04T01:16:11Z" level=info msg="verify encryption keys" caller="/home/runner/work/zitadel/zitadel/cmd/initialise/verify_zitadel.go:51"
2025-09-04T01:16:11.128201708Z [err]  time="2025-09-04T01:16:11Z" level=info msg="verify projections" caller="/home/runner/work/zitadel/zitadel/cmd/initialise/verify_zitadel.go:56"
2025-09-04T01:16:11.128205872Z [err]  time="2025-09-04T01:16:11Z" level=info msg="verify eventstore" caller="/home/runner/work/zitadel/zitadel/cmd/initialise/verify_zitadel.go:61"
2025-09-04T01:16:11.128211484Z [err]  time="2025-09-04T01:16:11Z" level=info msg="verify events tables" caller="/home/runner/work/zitadel/zitadel/cmd/initialise/verify_zitadel.go:66"
2025-09-04T01:16:11.132191496Z [err]  time="2025-09-04T01:16:11Z" level=info msg="verify unique constraints" caller="/home/runner/work/zitadel/zitadel/cmd/initialise/verify_zitadel.go:71"
2025-09-04T01:16:11.238743460Z [err]  time="2025-09-04T01:16:11Z" level=info msg="setup started" caller="/home/runner/work/zitadel/zitadel/cmd/setup/setup.go:108"
2025-09-04T01:16:11.238749150Z [err]  time="2025-09-04T01:16:11Z" level=info msg="verify migration" caller="/home/runner/work/zitadel/zitadel/internal/migration/migration.go:46" name=14_events_push
2025-09-04T01:16:11.238753946Z [err]  time="2025-09-04T01:16:11Z" level=info msg="verify migration" caller="/home/runner/work/zitadel/zitadel/internal/migration/migration.go:46" name=40_init_push_func_v4
2025-09-04T01:16:11.238757756Z [err]  time="2025-09-04T01:16:11Z" level=info msg="verify migration" caller="/home/runner/work/zitadel/zitadel/internal/migration/migration.go:46" name=01_tables
2025-09-04T01:16:11.238761487Z [err]  time="2025-09-04T01:16:11Z" level=info msg="verify migration" caller="/home/runner/work/zitadel/zitadel/internal/migration/migration.go:46" name=02_assets
2025-09-04T01:16:11.238765839Z [err]  time="2025-09-04T01:16:11Z" level=info msg="verify migration" caller="/home/runner/work/zitadel/zitadel/internal/migration/migration.go:46" name=28_add_search_table
2025-09-04T01:16:11.238772043Z [err]  time="2025-09-04T01:16:11Z" level=info msg="verify migration" caller="/home/runner/work/zitadel/zitadel/internal/migration/migration.go:46" name=31_add_aggregate_index_to_fields
2025-09-04T01:16:11.238776548Z [err]  time="2025-09-04T01:16:11Z" level=info msg="verify migration" caller="/home/runner/work/zitadel/zitadel/internal/migration/migration.go:46" name=46_init_permission_functions
2025-09-04T01:16:11.241357213Z [err]  time="2025-09-04T01:16:11Z" level=info msg="verify migration" caller="/home/runner/work/zitadel/zitadel/internal/migration/migration.go:46" name=03_default_instance
2025-09-04T01:16:11.250862519Z [err]  time="2025-09-04T01:16:11Z" level=info msg="starting migration" caller="/home/runner/work/zitadel/zitadel/internal/migration/migration.go:69" name=03_default_instance
2025-09-04T01:16:12.735013957Z [err]  time="2025-09-04T01:16:12Z" level=warning msg="add unique constraint failed" caller="/home/runner/work/zitadel/zitadel/internal/eventstore/v3/unique_constraints.go:78" error="ERROR: duplicate key value violates unique constraint \"unique_constraints_pkey\" (SQLSTATE 23505)"
2025-09-04T01:16:12.735018820Z [err]  time="2025-09-04T01:16:12Z" level=error msg="migration failed" caller="/home/runner/work/zitadel/zitadel/internal/migration/migration.go:71" error="ID=V3-DKcYh Message=Errors.Instance.Domain.AlreadyExists Parent=(ERROR: duplicate key value violates unique constraint \"unique_constraints_pkey\" (SQLSTATE 23505))" name=03_default_instance
2025-09-04T01:16:12.876346488Z [err]  time="2025-09-04T01:16:12Z" level=error msg="migration failed" caller="/home/runner/work/zitadel/zitadel/cmd/setup/setup.go:364" code=23505 detail="Key (instance_id, unique_type, unique_field)=(, instance_domain, zitadel-development.up.railway.app) already exists." error="ID=V3-DKcYh Message=Errors.Instance.Domain.AlreadyExists Parent=(ERROR: duplicate key value violates unique constraint \"unique_constraints_pkey\" (SQLSTATE 23505))" hint= message="duplicate key value violates unique constraint \"unique_constraints_pkey\"" name=03_default_instance severity=ERROR
2025-09-04T01:16:12.876353544Z [err]  time="2025-09-04T01:16:12Z" level=fatal msg="setup failed, skipping cleanup" caller="/home/runner/work/zitadel/zitadel/cmd/setup/setup.go:124" error="migration failed: ID=V3-DKcYh Message=Errors.Instance.Domain.AlreadyExists Parent=(ERROR: duplicate key value violates unique constraint \"unique_constraints_pkey\" (SQLSTATE 23505))"
2025-09-04T01:16:14.019444175Z [err]  time="2025-09-04T01:16:13Z" level=info msg="initialization started" caller="/home/runner/work/zitadel/zitadel/cmd/initialise/init.go:70"
2025-09-04T01:16:14.028863414Z [err]  time="2025-09-04T01:16:14Z" level=info msg="verify user" caller="/home/runner/work/zitadel/zitadel/cmd/initialise/verify_user.go:40" username=postgres
2025-09-04T01:16:14.028872636Z [err]  time="2025-09-04T01:16:14Z" level=info msg="verify database" caller="/home/runner/work/zitadel/zitadel/cmd/initialise/verify_database.go:40" database=railway
2025-09-04T01:16:14.028878677Z [err]  time="2025-09-04T01:16:14Z" level=info msg="verify grant" caller="/home/runner/work/zitadel/zitadel/cmd/initialise/verify_grant.go:35" database=railway user=postgres
2025-09-04T01:16:14.032969346Z [err]  time="2025-09-04T01:16:14Z" level=info msg="verify zitadel" caller="/home/runner/work/zitadel/zitadel/cmd/initialise/verify_zitadel.go:80" database=railway
2025-09-04T01:16:14.043356962Z [err]  time="2025-09-04T01:16:14Z" level=info msg="verify system" caller="/home/runner/work/zitadel/zitadel/cmd/initialise/verify_zitadel.go:46"
2025-09-04T01:16:14.043364824Z [err]  time="2025-09-04T01:16:14Z" level=info msg="verify encryption keys" caller="/home/runner/work/zitadel/zitadel/cmd/initialise/verify_zitadel.go:51"
2025-09-04T01:16:14.043369712Z [err]  time="2025-09-04T01:16:14Z" level=info msg="verify projections" caller="/home/runner/work/zitadel/zitadel/cmd/initialise/verify_zitadel.go:56"
2025-09-04T01:16:14.043374256Z [err]  time="2025-09-04T01:16:14Z" level=info msg="verify eventstore" caller="/home/runner/work/zitadel/zitadel/cmd/initialise/verify_zitadel.go:61"
2025-09-04T01:16:14.043378672Z [err]  time="2025-09-04T01:16:14Z" level=info msg="verify events tables" caller="/home/runner/work/zitadel/zitadel/cmd/initialise/verify_zitadel.go:66"
2025-09-04T01:16:14.053567751Z [err]  time="2025-09-04T01:16:14Z" level=info msg="verify unique constraints" caller="/home/runner/work/zitadel/zitadel/cmd/initialise/verify_zitadel.go:71"
2025-09-04T01:16:14.159381137Z [err]  time="2025-09-04T01:16:14Z" level=info msg="setup started" caller="/home/runner/work/zitadel/zitadel/cmd/setup/setup.go:108"
2025-09-04T01:16:14.159388004Z [err]  time="2025-09-04T01:16:14Z" level=info msg="verify migration" caller="/home/runner/work/zitadel/zitadel/internal/migration/migration.go:46" name=14_events_push
2025-09-04T01:16:14.162506284Z [err]  time="2025-09-04T01:16:14Z" level=info msg="verify migration" caller="/home/runner/work/zitadel/zitadel/internal/migration/migration.go:46" name=40_init_push_func_v4
2025-09-04T01:16:14.162517488Z [err]  time="2025-09-04T01:16:14Z" level=info msg="verify migration" caller="/home/runner/work/zitadel/zitadel/internal/migration/migration.go:46" name=01_tables
2025-09-04T01:16:14.162524983Z [err]  time="2025-09-04T01:16:14Z" level=info msg="verify migration" caller="/home/runner/work/zitadel/zitadel/internal/migration/migration.go:46" name=02_assets
2025-09-04T01:16:14.167873571Z [err]  time="2025-09-04T01:16:14Z" level=info msg="verify migration" caller="/home/runner/work/zitadel/zitadel/internal/migration/migration.go:46" name=28_add_search_table
2025-09-04T01:16:14.167880332Z [err]  time="2025-09-04T01:16:14Z" level=info msg="verify migration" caller="/home/runner/work/zitadel/zitadel/internal/migration/migration.go:46" name=31_add_aggregate_index_to_fields
2025-09-04T01:16:14.167885291Z [err]  time="2025-09-04T01:16:14Z" level=info msg="verify migration" caller="/home/runner/work/zitadel/zitadel/internal/migration/migration.go:46" name=46_init_permission_functions
2025-09-04T01:16:14.167890041Z [err]  time="2025-09-04T01:16:14Z" level=info msg="verify migration" caller="/home/runner/work/zitadel/zitadel/internal/migration/migration.go:46" name=03_default_instance
2025-09-04T01:16:14.185757468Z [err]  time="2025-09-04T01:16:14Z" level=info msg="starting migration" caller="/home/runner/work/zitadel/zitadel/internal/migration/migration.go:69" name=03_default_instance
2025-09-04T01:16:15.679546399Z [err]  time="2025-09-04T01:16:15Z" level=warning msg="add unique constraint failed" caller="/home/runner/work/zitadel/zitadel/internal/eventstore/v3/unique_constraints.go:78" error="ERROR: duplicate key value violates unique constraint \"unique_constraints_pkey\" (SQLSTATE 23505)"
2025-09-04T01:16:15.679552556Z [err]  time="2025-09-04T01:16:15Z" level=error msg="migration failed" caller="/home/runner/work/zitadel/zitadel/internal/migration/migration.go:71" error="ID=V3-DKcYh Message=Errors.Instance.Domain.AlreadyExists Parent=(ERROR: duplicate key value violates unique constraint \"unique_constraints_pkey\" (SQLSTATE 23505))" name=03_default_instance
2025-09-04T01:16:15.679558483Z [err]  time="2025-09-04T01:16:15Z" level=error msg="migration failed" caller="/home/runner/work/zitadel/zitadel/cmd/setup/setup.go:364" code=23505 detail="Key (instance_id, unique_type, unique_field)=(, instance_domain, zitadel-development.up.railway.app) already exists." error="ID=V3-DKcYh Message=Errors.Instance.Domain.AlreadyExists Parent=(ERROR: duplicate key value violates unique constraint \"unique_constraints_pkey\" (SQLSTATE 23505))" hint= message="duplicate key value violates unique constraint \"unique_constraints_pkey\"" name=03_default_instance severity=ERROR
2025-09-04T01:16:15.679564218Z [err]  time="2025-09-04T01:16:15Z" level=fatal msg="setup failed, skipping cleanup" caller="/home/runner/work/zitadel/zitadel/cmd/setup/setup.go:124" error="migration failed: ID=V3-DKcYh Message=Errors.Instance.Domain.AlreadyExists Parent=(ERROR: duplicate key value violates unique constraint \"unique_constraints_pkey\" (SQLSTATE 23505))"
2025-09-04T01:16:16.698367361Z [err]  time="2025-09-04T01:16:16Z" level=info msg="initialization started" caller="/home/runner/work/zitadel/zitadel/cmd/initialise/init.go:70"
2025-09-04T01:16:16.733241778Z [err]  time="2025-09-04T01:16:16Z" level=info msg="verify user" caller="/home/runner/work/zitadel/zitadel/cmd/initialise/verify_user.go:40" username=postgres
2025-09-04T01:16:16.733248811Z [err]  time="2025-09-04T01:16:16Z" level=info msg="verify database" caller="/home/runner/work/zitadel/zitadel/cmd/initialise/verify_database.go:40" database=railway
2025-09-04T01:16:16.733253491Z [err]  time="2025-09-04T01:16:16Z" level=info msg="verify grant" caller="/home/runner/work/zitadel/zitadel/cmd/initialise/verify_grant.go:35" database=railway user=postgres
2025-09-04T01:16:16.733258052Z [err]  time="2025-09-04T01:16:16Z" level=info msg="verify zitadel" caller="/home/runner/work/zitadel/zitadel/cmd/initialise/verify_zitadel.go:80" database=railway
2025-09-04T01:16:16.733263079Z [err]  time="2025-09-04T01:16:16Z" level=info msg="verify system" caller="/home/runner/work/zitadel/zitadel/cmd/initialise/verify_zitadel.go:46"
2025-09-04T01:16:16.737329561Z [err]  time="2025-09-04T01:16:16Z" level=info msg="verify encryption keys" caller="/home/runner/work/zitadel/zitadel/cmd/initialise/verify_zitadel.go:51"
2025-09-04T01:16:16.737335315Z [err]  time="2025-09-04T01:16:16Z" level=info msg="verify projections" caller="/home/runner/work/zitadel/zitadel/cmd/initialise/verify_zitadel.go:56"
2025-09-04T01:16:16.737340037Z [err]  time="2025-09-04T01:16:16Z" level=info msg="verify eventstore" caller="/home/runner/work/zitadel/zitadel/cmd/initialise/verify_zitadel.go:61"
2025-09-04T01:16:16.737343832Z [err]  time="2025-09-04T01:16:16Z" level=info msg="verify events tables" caller="/home/runner/work/zitadel/zitadel/cmd/initialise/verify_zitadel.go:66"
2025-09-04T01:16:16.741241918Z [err]  time="2025-09-04T01:16:16Z" level=info msg="verify unique constraints" caller="/home/runner/work/zitadel/zitadel/cmd/initialise/verify_zitadel.go:71"
2025-09-04T01:16:16.876794805Z [err]  time="2025-09-04T01:16:16Z" level=info msg="setup started" caller="/home/runner/work/zitadel/zitadel/cmd/setup/setup.go:108"
2025-09-04T01:16:16.876800450Z [err]  time="2025-09-04T01:16:16Z" level=info msg="verify migration" caller="/home/runner/work/zitadel/zitadel/internal/migration/migration.go:46" name=14_events_push
2025-09-04T01:16:16.876806596Z [err]  time="2025-09-04T01:16:16Z" level=info msg="verify migration" caller="/home/runner/work/zitadel/zitadel/internal/migration/migration.go:46" name=40_init_push_func_v4
2025-09-04T01:16:16.876812320Z [err]  time="2025-09-04T01:16:16Z" level=info msg="verify migration" caller="/home/runner/work/zitadel/zitadel/internal/migration/migration.go:46" name=01_tables
2025-09-04T01:16:16.876818137Z [err]  time="2025-09-04T01:16:16Z" level=info msg="verify migration" caller="/home/runner/work/zitadel/zitadel/internal/migration/migration.go:46" name=02_assets
2025-09-04T01:16:16.876823929Z [err]  time="2025-09-04T01:16:16Z" level=info msg="verify migration" caller="/home/runner/work/zitadel/zitadel/internal/migration/migration.go:46" name=28_add_search_table
2025-09-04T01:16:16.876828946Z [err]  time="2025-09-04T01:16:16Z" level=info msg="verify migration" caller="/home/runner/work/zitadel/zitadel/internal/migration/migration.go:46" name=31_add_aggregate_index_to_fields
2025-09-04T01:16:16.876835001Z [err]  time="2025-09-04T01:16:16Z" level=info msg="verify migration" caller="/home/runner/work/zitadel/zitadel/internal/migration/migration.go:46" name=46_init_permission_functions
2025-09-04T01:16:16.876841256Z [err]  time="2025-09-04T01:16:16Z" level=info msg="verify migration" caller="/home/runner/work/zitadel/zitadel/internal/migration/migration.go:46" name=03_default_instance
2025-09-04T01:16:16.876847337Z [err]  time="2025-09-04T01:16:16Z" level=info msg="starting migration" caller="/home/runner/work/zitadel/zitadel/internal/migration/migration.go:69" name=03_default_instance
2025-09-04T01:16:18.823907332Z [err]  time="2025-09-04T01:16:18Z" level=warning msg="add unique constraint failed" caller="/home/runner/work/zitadel/zitadel/internal/eventstore/v3/unique_constraints.go:78" error="ERROR: duplicate key value violates unique constraint \"unique_constraints_pkey\" (SQLSTATE 23505)"
2025-09-04T01:16:18.823913147Z [err]  time="2025-09-04T01:16:18Z" level=error msg="migration failed" caller="/home/runner/work/zitadel/zitadel/internal/migration/migration.go:71" error="ID=V3-DKcYh Message=Errors.Instance.Domain.AlreadyExists Parent=(ERROR: duplicate key value violates unique constraint \"unique_constraints_pkey\" (SQLSTATE 23505))" name=03_default_instance
2025-09-04T01:16:18.832626392Z [err]  time="2025-09-04T01:16:18Z" level=error msg="migration failed" caller="/home/runner/work/zitadel/zitadel/cmd/setup/setup.go:364" code=23505 detail="Key (instance_id, unique_type, unique_field)=(, instance_domain, zitadel-development.up.railway.app) already exists." error="ID=V3-DKcYh Message=Errors.Instance.Domain.AlreadyExists Parent=(ERROR: duplicate key value violates unique constraint \"unique_constraints_pkey\" (SQLSTATE 23505))" hint= message="duplicate key value violates unique constraint \"unique_constraints_pkey\"" name=03_default_instance severity=ERROR
2025-09-04T01:16:18.832630767Z [err]  time="2025-09-04T01:16:18Z" level=fatal msg="setup failed, skipping cleanup" caller="/home/runner/work/zitadel/zitadel/cmd/setup/setup.go:124" error="migration failed: ID=V3-DKcYh Message=Errors.Instance.Domain.AlreadyExists Parent=(ERROR: duplicate key value violates unique constraint \"unique_constraints_pkey\" (SQLSTATE 23505))"
2025-09-04T01:16:19.991457639Z [err]  time="2025-09-04T01:16:19Z" level=info msg="initialization started" caller="/home/runner/work/zitadel/zitadel/cmd/initialise/init.go:70"
2025-09-04T01:16:20.013620864Z [err]  time="2025-09-04T01:16:20Z" level=info msg="verify user" caller="/home/runner/work/zitadel/zitadel/cmd/initialise/verify_user.go:40" username=postgres
2025-09-04T01:16:20.013628126Z [err]  time="2025-09-04T01:16:20Z" level=info msg="verify database" caller="/home/runner/work/zitadel/zitadel/cmd/initialise/verify_database.go:40" database=railway
2025-09-04T01:16:20.013633872Z [err]  time="2025-09-04T01:16:20Z" level=info msg="verify grant" caller="/home/runner/work/zitadel/zitadel/cmd/initialise/verify_grant.go:35" database=railway user=postgres
2025-09-04T01:16:20.013638144Z [err]  time="2025-09-04T01:16:20Z" level=info msg="verify zitadel" caller="/home/runner/work/zitadel/zitadel/cmd/initialise/verify_zitadel.go:80" database=railway
2025-09-04T01:16:20.032151616Z [err]  time="2025-09-04T01:16:20Z" level=info msg="verify system" caller="/home/runner/work/zitadel/zitadel/cmd/initialise/verify_zitadel.go:46"
2025-09-04T01:16:20.032159374Z [err]  time="2025-09-04T01:16:20Z" level=info msg="verify encryption keys" caller="/home/runner/work/zitadel/zitadel/cmd/initialise/verify_zitadel.go:51"
2025-09-04T01:16:20.032165189Z [err]  time="2025-09-04T01:16:20Z" level=info msg="verify projections" caller="/home/runner/work/zitadel/zitadel/cmd/initialise/verify_zitadel.go:56"
2025-09-04T01:16:20.032170279Z [err]  time="2025-09-04T01:16:20Z" level=info msg="verify eventstore" caller="/home/runner/work/zitadel/zitadel/cmd/initialise/verify_zitadel.go:61"
2025-09-04T01:16:20.032175439Z [err]  time="2025-09-04T01:16:20Z" level=info msg="verify events tables" caller="/home/runner/work/zitadel/zitadel/cmd/initialise/verify_zitadel.go:66"
2025-09-04T01:16:20.035337934Z [err]  time="2025-09-04T01:16:20Z" level=info msg="verify unique constraints" caller="/home/runner/work/zitadel/zitadel/cmd/initialise/verify_zitadel.go:71"
2025-09-04T01:16:20.165077843Z [err]  time="2025-09-04T01:16:20Z" level=info msg="setup started" caller="/home/runner/work/zitadel/zitadel/cmd/setup/setup.go:108"
2025-09-04T01:16:20.174776436Z [err]  time="2025-09-04T01:16:20Z" level=info msg="verify migration" caller="/home/runner/work/zitadel/zitadel/internal/migration/migration.go:46" name=14_events_push
2025-09-04T01:16:20.174785752Z [err]  time="2025-09-04T01:16:20Z" level=info msg="verify migration" caller="/home/runner/work/zitadel/zitadel/internal/migration/migration.go:46" name=40_init_push_func_v4
2025-09-04T01:16:20.177599000Z [err]  time="2025-09-04T01:16:20Z" level=info msg="verify migration" caller="/home/runner/work/zitadel/zitadel/internal/migration/migration.go:46" name=01_tables
2025-09-04T01:16:20.177607904Z [err]  time="2025-09-04T01:16:20Z" level=info msg="verify migration" caller="/home/runner/work/zitadel/zitadel/internal/migration/migration.go:46" name=02_assets
2025-09-04T01:16:20.177614358Z [err]  time="2025-09-04T01:16:20Z" level=info msg="verify migration" caller="/home/runner/work/zitadel/zitadel/internal/migration/migration.go:46" name=28_add_search_table
2025-09-04T01:16:20.181452880Z [err]  time="2025-09-04T01:16:20Z" level=info msg="verify migration" caller="/home/runner/work/zitadel/zitadel/internal/migration/migration.go:46" name=31_add_aggregate_index_to_fields
2025-09-04T01:16:20.181459880Z [err]  time="2025-09-04T01:16:20Z" level=info msg="verify migration" caller="/home/runner/work/zitadel/zitadel/internal/migration/migration.go:46" name=46_init_permission_functions
2025-09-04T01:16:20.181464309Z [err]  time="2025-09-04T01:16:20Z" level=info msg="verify migration" caller="/home/runner/work/zitadel/zitadel/internal/migration/migration.go:46" name=03_default_instance
2025-09-04T01:16:20.189513033Z [err]  time="2025-09-04T01:16:20Z" level=info msg="starting migration" caller="/home/runner/work/zitadel/zitadel/internal/migration/migration.go:69" name=03_default_instance
2025-09-04T01:16:22.121274054Z [err]  time="2025-09-04T01:16:22Z" level=warning msg="add unique constraint failed" caller="/home/runner/work/zitadel/zitadel/internal/eventstore/v3/unique_constraints.go:78" error="ERROR: duplicate key value violates unique constraint \"unique_constraints_pkey\" (SQLSTATE 23505)"
2025-09-04T01:16:22.121280783Z [err]  time="2025-09-04T01:16:22Z" level=error msg="migration failed" caller="/home/runner/work/zitadel/zitadel/internal/migration/migration.go:71" error="ID=V3-DKcYh Message=Errors.Instance.Domain.AlreadyExists Parent=(ERROR: duplicate key value violates unique constraint \"unique_constraints_pkey\" (SQLSTATE 23505))" name=03_default_instance
2025-09-04T01:16:22.121284881Z [err]  time="2025-09-04T01:16:22Z" level=error msg="migration failed" caller="/home/runner/work/zitadel/zitadel/cmd/setup/setup.go:364" code=23505 detail="Key (instance_id, unique_type, unique_field)=(, instance_domain, zitadel-development.up.railway.app) already exists." error="ID=V3-DKcYh Message=Errors.Instance.Domain.AlreadyExists Parent=(ERROR: duplicate key value violates unique constraint \"unique_constraints_pkey\" (SQLSTATE 23505))" hint= message="duplicate key value violates unique constraint \"unique_constraints_pkey\"" name=03_default_instance severity=ERROR
2025-09-04T01:16:22.121289231Z [err]  time="2025-09-04T01:16:22Z" level=fatal msg="setup failed, skipping cleanup" caller="/home/runner/work/zitadel/zitadel/cmd/setup/setup.go:124" error="migration failed: ID=V3-DKcYh Message=Errors.Instance.Domain.AlreadyExists Parent=(ERROR: duplicate key value violates unique constraint \"unique_constraints_pkey\" (SQLSTATE 23505))"
2025-09-04T01:16:23.392860754Z [err]  time="2025-09-04T01:16:23Z" level=info msg="initialization started" caller="/home/runner/work/zitadel/zitadel/cmd/initialise/init.go:70"
2025-09-04T01:16:23.410941278Z [err]  time="2025-09-04T01:16:23Z" level=info msg="verify user" caller="/home/runner/work/zitadel/zitadel/cmd/initialise/verify_user.go:40" username=postgres
2025-09-04T01:16:23.410948499Z [err]  time="2025-09-04T01:16:23Z" level=info msg="verify database" caller="/home/runner/work/zitadel/zitadel/cmd/initialise/verify_database.go:40" database=railway
2025-09-04T01:16:23.410953299Z [err]  time="2025-09-04T01:16:23Z" level=info msg="verify grant" caller="/home/runner/work/zitadel/zitadel/cmd/initialise/verify_grant.go:35" database=railway user=postgres
2025-09-04T01:16:23.410957381Z [err]  time="2025-09-04T01:16:23Z" level=info msg="verify zitadel" caller="/home/runner/work/zitadel/zitadel/cmd/initialise/verify_zitadel.go:80" database=railway
2025-09-04T01:16:23.419319260Z [err]  time="2025-09-04T01:16:23Z" level=info msg="verify system" caller="/home/runner/work/zitadel/zitadel/cmd/initialise/verify_zitadel.go:46"
2025-09-04T01:16:23.419325387Z [err]  time="2025-09-04T01:16:23Z" level=info msg="verify encryption keys" caller="/home/runner/work/zitadel/zitadel/cmd/initialise/verify_zitadel.go:51"
2025-09-04T01:16:23.423594018Z [err]  time="2025-09-04T01:16:23Z" level=info msg="verify projections" caller="/home/runner/work/zitadel/zitadel/cmd/initialise/verify_zitadel.go:56"
2025-09-04T01:16:23.423598158Z [err]  time="2025-09-04T01:16:23Z" level=info msg="verify eventstore" caller="/home/runner/work/zitadel/zitadel/cmd/initialise/verify_zitadel.go:61"
2025-09-04T01:16:23.423601981Z [err]  time="2025-09-04T01:16:23Z" level=info msg="verify events tables" caller="/home/runner/work/zitadel/zitadel/cmd/initialise/verify_zitadel.go:66"
2025-09-04T01:16:23.432123365Z [err]  time="2025-09-04T01:16:23Z" level=info msg="verify unique constraints" caller="/home/runner/work/zitadel/zitadel/cmd/initialise/verify_zitadel.go:71"
2025-09-04T01:16:23.537344859Z [err]  time="2025-09-04T01:16:23Z" level=info msg="setup started" caller="/home/runner/work/zitadel/zitadel/cmd/setup/setup.go:108"
2025-09-04T01:16:23.545097525Z [err]  time="2025-09-04T01:16:23Z" level=info msg="verify migration" caller="/home/runner/work/zitadel/zitadel/internal/migration/migration.go:46" name=14_events_push
2025-09-04T01:16:23.548494666Z [err]  time="2025-09-04T01:16:23Z" level=info msg="verify migration" caller="/home/runner/work/zitadel/zitadel/internal/migration/migration.go:46" name=40_init_push_func_v4
2025-09-04T01:16:23.548500645Z [err]  time="2025-09-04T01:16:23Z" level=info msg="verify migration" caller="/home/runner/work/zitadel/zitadel/internal/migration/migration.go:46" name=01_tables
2025-09-04T01:16:23.552221075Z [err]  time="2025-09-04T01:16:23Z" level=info msg="verify migration" caller="/home/runner/work/zitadel/zitadel/internal/migration/migration.go:46" name=02_assets
2025-09-04T01:16:23.552233094Z [err]  time="2025-09-04T01:16:23Z" level=info msg="verify migration" caller="/home/runner/work/zitadel/zitadel/internal/migration/migration.go:46" name=28_add_search_table
2025-09-04T01:16:23.552240174Z [err]  time="2025-09-04T01:16:23Z" level=info msg="verify migration" caller="/home/runner/work/zitadel/zitadel/internal/migration/migration.go:46" name=31_add_aggregate_index_to_fields
2025-09-04T01:16:23.552245998Z [err]  time="2025-09-04T01:16:23Z" level=info msg="verify migration" caller="/home/runner/work/zitadel/zitadel/internal/migration/migration.go:46" name=46_init_permission_functions
2025-09-04T01:16:23.555744780Z [err]  time="2025-09-04T01:16:23Z" level=info msg="verify migration" caller="/home/runner/work/zitadel/zitadel/internal/migration/migration.go:46" name=03_default_instance
2025-09-04T01:16:23.565228469Z [err]  time="2025-09-04T01:16:23Z" level=info msg="starting migration" caller="/home/runner/work/zitadel/zitadel/internal/migration/migration.go:69" name=03_default_instance
2025-09-04T01:16:25.241526559Z [err]  time="2025-09-04T01:16:25Z" level=warning msg="add unique constraint failed" caller="/home/runner/work/zitadel/zitadel/internal/eventstore/v3/unique_constraints.go:78" error="ERROR: duplicate key value violates unique constraint \"unique_constraints_pkey\" (SQLSTATE 23505)"
2025-09-04T01:16:25.241536480Z [err]  time="2025-09-04T01:16:25Z" level=error msg="migration failed" caller="/home/runner/work/zitadel/zitadel/internal/migration/migration.go:71" error="ID=V3-DKcYh Message=Errors.Instance.Domain.AlreadyExists Parent=(ERROR: duplicate key value violates unique constraint \"unique_constraints_pkey\" (SQLSTATE 23505))" name=03_default_instance
2025-09-04T01:16:25.241542367Z [err]  time="2025-09-04T01:16:25Z" level=error msg="migration failed" caller="/home/runner/work/zitadel/zitadel/cmd/setup/setup.go:364" code=23505 detail="Key (instance_id, unique_type, unique_field)=(, instance_domain, zitadel-development.up.railway.app) already exists." error="ID=V3-DKcYh Message=Errors.Instance.Domain.AlreadyExists Parent=(ERROR: duplicate key value violates unique constraint \"unique_constraints_pkey\" (SQLSTATE 23505))" hint= message="duplicate key value violates unique constraint \"unique_constraints_pkey\"" name=03_default_instance severity=ERROR
2025-09-04T01:16:25.241547759Z [err]  time="2025-09-04T01:16:25Z" level=fatal msg="setup failed, skipping cleanup" caller="/home/runner/work/zitadel/zitadel/cmd/setup/setup.go:124" error="migration failed: ID=V3-DKcYh Message=Errors.Instance.Domain.AlreadyExists Parent=(ERROR: duplicate key value violates unique constraint \"unique_constraints_pkey\" (SQLSTATE 23505))"
2025-09-04T01:16:26.333387035Z [err]  time="2025-09-04T01:16:26Z" level=info msg="initialization started" caller="/home/runner/work/zitadel/zitadel/cmd/initialise/init.go:70"
2025-09-04T01:16:26.383884884Z [err]  time="2025-09-04T01:16:26Z" level=info msg="verify user" caller="/home/runner/work/zitadel/zitadel/cmd/initialise/verify_user.go:40" username=postgres
2025-09-04T01:16:26.387907241Z [err]  time="2025-09-04T01:16:26Z" level=info msg="verify database" caller="/home/runner/work/zitadel/zitadel/cmd/initialise/verify_database.go:40" database=railway
2025-09-04T01:16:26.387912855Z [err]  time="2025-09-04T01:16:26Z" level=info msg="verify grant" caller="/home/runner/work/zitadel/zitadel/cmd/initialise/verify_grant.go:35" database=railway user=postgres
2025-09-04T01:16:26.389740522Z [err]  time="2025-09-04T01:16:26Z" level=info msg="verify zitadel" caller="/home/runner/work/zitadel/zitadel/cmd/initialise/verify_zitadel.go:80" database=railway
2025-09-04T01:16:26.410386034Z [err]  time="2025-09-04T01:16:26Z" level=info msg="verify system" caller="/home/runner/work/zitadel/zitadel/cmd/initialise/verify_zitadel.go:46"
2025-09-04T01:16:26.410394979Z [err]  time="2025-09-04T01:16:26Z" level=info msg="verify encryption keys" caller="/home/runner/work/zitadel/zitadel/cmd/initialise/verify_zitadel.go:51"
2025-09-04T01:16:26.410401974Z [err]  time="2025-09-04T01:16:26Z" level=info msg="verify projections" caller="/home/runner/work/zitadel/zitadel/cmd/initialise/verify_zitadel.go:56"
2025-09-04T01:16:26.410408081Z [err]  time="2025-09-04T01:16:26Z" level=info msg="verify eventstore" caller="/home/runner/work/zitadel/zitadel/cmd/initialise/verify_zitadel.go:61"
2025-09-04T01:16:26.412077277Z [err]  time="2025-09-04T01:16:26Z" level=info msg="verify events tables" caller="/home/runner/work/zitadel/zitadel/cmd/initialise/verify_zitadel.go:66"
2025-09-04T01:16:26.414526810Z [err]  time="2025-09-04T01:16:26Z" level=info msg="verify unique constraints" caller="/home/runner/work/zitadel/zitadel/cmd/initialise/verify_zitadel.go:71"
2025-09-04T01:16:26.608290884Z [err]  time="2025-09-04T01:16:26Z" level=info msg="setup started" caller="/home/runner/work/zitadel/zitadel/cmd/setup/setup.go:108"
2025-09-04T01:16:26.620092940Z [err]  time="2025-09-04T01:16:26Z" level=info msg="verify migration" caller="/home/runner/work/zitadel/zitadel/internal/migration/migration.go:46" name=14_events_push
2025-09-04T01:16:26.623747754Z [err]  time="2025-09-04T01:16:26Z" level=info msg="verify migration" caller="/home/runner/work/zitadel/zitadel/internal/migration/migration.go:46" name=40_init_push_func_v4
2025-09-04T01:16:26.625840272Z [err]  time="2025-09-04T01:16:26Z" level=info msg="verify migration" caller="/home/runner/work/zitadel/zitadel/internal/migration/migration.go:46" name=01_tables
2025-09-04T01:16:26.626923226Z [err]  time="2025-09-04T01:16:26Z" level=info msg="verify migration" caller="/home/runner/work/zitadel/zitadel/internal/migration/migration.go:46" name=02_assets
2025-09-04T01:16:26.628454682Z [err]  time="2025-09-04T01:16:26Z" level=info msg="verify migration" caller="/home/runner/work/zitadel/zitadel/internal/migration/migration.go:46" name=28_add_search_table
2025-09-04T01:16:26.634068306Z [err]  time="2025-09-04T01:16:26Z" level=info msg="verify migration" caller="/home/runner/work/zitadel/zitadel/internal/migration/migration.go:46" name=31_add_aggregate_index_to_fields
2025-09-04T01:16:26.653459774Z [err]  time="2025-09-04T01:16:26Z" level=info msg="verify migration" caller="/home/runner/work/zitadel/zitadel/internal/migration/migration.go:46" name=46_init_permission_functions
2025-09-04T01:16:26.655268637Z [err]  time="2025-09-04T01:16:26Z" level=info msg="verify migration" caller="/home/runner/work/zitadel/zitadel/internal/migration/migration.go:46" name=03_default_instance
2025-09-04T01:16:26.670077896Z [err]  time="2025-09-04T01:16:26Z" level=info msg="starting migration" caller="/home/runner/work/zitadel/zitadel/internal/migration/migration.go:69" name=03_default_instance
2025-09-04T01:16:28.604568757Z [err]  time="2025-09-04T01:16:28Z" level=warning msg="add unique constraint failed" caller="/home/runner/work/zitadel/zitadel/internal/eventstore/v3/unique_constraints.go:78" error="ERROR: duplicate key value violates unique constraint \"unique_constraints_pkey\" (SQLSTATE 23505)"
2025-09-04T01:16:28.604578276Z [err]  time="2025-09-04T01:16:28Z" level=error msg="migration failed" caller="/home/runner/work/zitadel/zitadel/internal/migration/migration.go:71" error="ID=V3-DKcYh Message=Errors.Instance.Domain.AlreadyExists Parent=(ERROR: duplicate key value violates unique constraint \"unique_constraints_pkey\" (SQLSTATE 23505))" name=03_default_instance
2025-09-04T01:16:28.604585045Z [err]  time="2025-09-04T01:16:28Z" level=error msg="migration failed" caller="/home/runner/work/zitadel/zitadel/cmd/setup/setup.go:364" code=23505 detail="Key (instance_id, unique_type, unique_field)=(, instance_domain, zitadel-development.up.railway.app) already exists." error="ID=V3-DKcYh Message=Errors.Instance.Domain.AlreadyExists Parent=(ERROR: duplicate key value violates unique constraint \"unique_constraints_pkey\" (SQLSTATE 23505))" hint= message="duplicate key value violates unique constraint \"unique_constraints_pkey\"" name=03_default_instance severity=ERROR
2025-09-04T01:16:28.604591577Z [err]  time="2025-09-04T01:16:28Z" level=fatal msg="setup failed, skipping cleanup" caller="/home/runner/work/zitadel/zitadel/cmd/setup/setup.go:124" error="migration failed: ID=V3-DKcYh Message=Errors.Instance.Domain.AlreadyExists Parent=(ERROR: duplicate key value violates unique constraint \"unique_constraints_pkey\" (SQLSTATE 23505))"
2025-09-04T01:16:29.726834405Z [err]  time="2025-09-04T01:16:29Z" level=info msg="initialization started" caller="/home/runner/work/zitadel/zitadel/cmd/initialise/init.go:70"
2025-09-04T01:16:29.779298383Z [err]  time="2025-09-04T01:16:29Z" level=info msg="verify user" caller="/home/runner/work/zitadel/zitadel/cmd/initialise/verify_user.go:40" username=postgres
2025-09-04T01:16:29.779308316Z [err]  time="2025-09-04T01:16:29Z" level=info msg="verify database" caller="/home/runner/work/zitadel/zitadel/cmd/initialise/verify_database.go:40" database=railway
2025-09-04T01:16:29.779315181Z [err]  time="2025-09-04T01:16:29Z" level=info msg="verify grant" caller="/home/runner/work/zitadel/zitadel/cmd/initialise/verify_grant.go:35" database=railway user=postgres
2025-09-04T01:16:29.779321032Z [err]  time="2025-09-04T01:16:29Z" level=info msg="verify zitadel" caller="/home/runner/work/zitadel/zitadel/cmd/initialise/verify_zitadel.go:80" database=railway
2025-09-04T01:16:29.779325560Z [err]  time="2025-09-04T01:16:29Z" level=info msg="verify system" caller="/home/runner/work/zitadel/zitadel/cmd/initialise/verify_zitadel.go:46"
2025-09-04T01:16:29.779330075Z [err]  time="2025-09-04T01:16:29Z" level=info msg="verify encryption keys" caller="/home/runner/work/zitadel/zitadel/cmd/initialise/verify_zitadel.go:51"
2025-09-04T01:16:29.779334261Z [err]  time="2025-09-04T01:16:29Z" level=info msg="verify projections" caller="/home/runner/work/zitadel/zitadel/cmd/initialise/verify_zitadel.go:56"
2025-09-04T01:16:29.779338504Z [err]  time="2025-09-04T01:16:29Z" level=info msg="verify eventstore" caller="/home/runner/work/zitadel/zitadel/cmd/initialise/verify_zitadel.go:61"
2025-09-04T01:16:29.779343603Z [err]  time="2025-09-04T01:16:29Z" level=info msg="verify events tables" caller="/home/runner/work/zitadel/zitadel/cmd/initialise/verify_zitadel.go:66"
2025-09-04T01:16:29.779348360Z [err]  time="2025-09-04T01:16:29Z" level=info msg="verify unique constraints" caller="/home/runner/work/zitadel/zitadel/cmd/initialise/verify_zitadel.go:71"
2025-09-04T01:16:29.894202357Z [err]  time="2025-09-04T01:16:29Z" level=info msg="setup started" caller="/home/runner/work/zitadel/zitadel/cmd/setup/setup.go:108"
2025-09-04T01:16:29.894206326Z [err]  time="2025-09-04T01:16:29Z" level=info msg="verify migration" caller="/home/runner/work/zitadel/zitadel/internal/migration/migration.go:46" name=14_events_push
2025-09-04T01:16:29.894210052Z [err]  time="2025-09-04T01:16:29Z" level=info msg="verify migration" caller="/home/runner/work/zitadel/zitadel/internal/migration/migration.go:46" name=40_init_push_func_v4
2025-09-04T01:16:29.894214468Z [err]  time="2025-09-04T01:16:29Z" level=info msg="verify migration" caller="/home/runner/work/zitadel/zitadel/internal/migration/migration.go:46" name=01_tables
2025-09-04T01:16:29.894218307Z [err]  time="2025-09-04T01:16:29Z" level=info msg="verify migration" caller="/home/runner/work/zitadel/zitadel/internal/migration/migration.go:46" name=02_assets
2025-09-04T01:16:29.898600851Z [err]  time="2025-09-04T01:16:29Z" level=info msg="verify migration" caller="/home/runner/work/zitadel/zitadel/internal/migration/migration.go:46" name=28_add_search_table
2025-09-04T01:16:29.898610744Z [err]  time="2025-09-04T01:16:29Z" level=info msg="verify migration" caller="/home/runner/work/zitadel/zitadel/internal/migration/migration.go:46" name=31_add_aggregate_index_to_fields
2025-09-04T01:16:29.898620983Z [err]  time="2025-09-04T01:16:29Z" level=info msg="verify migration" caller="/home/runner/work/zitadel/zitadel/internal/migration/migration.go:46" name=46_init_permission_functions
2025-09-04T01:16:29.898640893Z [err]  time="2025-09-04T01:16:29Z" level=info msg="verify migration" caller="/home/runner/work/zitadel/zitadel/internal/migration/migration.go:46" name=03_default_instance
2025-09-04T01:16:29.907637662Z [err]  time="2025-09-04T01:16:29Z" level=info msg="starting migration" caller="/home/runner/work/zitadel/zitadel/internal/migration/migration.go:69" name=03_default_instance
2025-09-04T01:16:31.579630856Z [err]  time="2025-09-04T01:16:31Z" level=warning msg="add unique constraint failed" caller="/home/runner/work/zitadel/zitadel/internal/eventstore/v3/unique_constraints.go:78" error="ERROR: duplicate key value violates unique constraint \"unique_constraints_pkey\" (SQLSTATE 23505)"
2025-09-04T01:16:31.579636888Z [err]  time="2025-09-04T01:16:31Z" level=error msg="migration failed" caller="/home/runner/work/zitadel/zitadel/internal/migration/migration.go:71" error="ID=V3-DKcYh Message=Errors.Instance.Domain.AlreadyExists Parent=(ERROR: duplicate key value violates unique constraint \"unique_constraints_pkey\" (SQLSTATE 23505))" name=03_default_instance
2025-09-04T01:16:31.585810123Z [err]  time="2025-09-04T01:16:31Z" level=error msg="migration failed" caller="/home/runner/work/zitadel/zitadel/cmd/setup/setup.go:364" code=23505 detail="Key (instance_id, unique_type, unique_field)=(, instance_domain, zitadel-development.up.railway.app) already exists." error="ID=V3-DKcYh Message=Errors.Instance.Domain.AlreadyExists Parent=(ERROR: duplicate key value violates unique constraint \"unique_constraints_pkey\" (SQLSTATE 23505))" hint= message="duplicate key value violates unique constraint \"unique_constraints_pkey\"" name=03_default_instance severity=ERROR
2025-09-04T01:16:31.585818036Z [err]  time="2025-09-04T01:16:31Z" level=fatal msg="setup failed, skipping cleanup" caller="/home/runner/work/zitadel/zitadel/cmd/setup/setup.go:124" error="migration failed: ID=V3-DKcYh Message=Errors.Instance.Domain.AlreadyExists Parent=(ERROR: duplicate key value violates unique constraint \"unique_constraints_pkey\" (SQLSTATE 23505))"
2025-09-04T01:16:32.705237241Z [err]  time="2025-09-04T01:16:32Z" level=info msg="initialization started" caller="/home/runner/work/zitadel/zitadel/cmd/initialise/init.go:70"
2025-09-04T01:16:32.718262780Z [err]  time="2025-09-04T01:16:32Z" level=info msg="verify user" caller="/home/runner/work/zitadel/zitadel/cmd/initialise/verify_user.go:40" username=postgres
2025-09-04T01:16:32.718269764Z [err]  time="2025-09-04T01:16:32Z" level=info msg="verify database" caller="/home/runner/work/zitadel/zitadel/cmd/initialise/verify_database.go:40" database=railway
2025-09-04T01:16:32.718274038Z [err]  time="2025-09-04T01:16:32Z" level=info msg="verify grant" caller="/home/runner/work/zitadel/zitadel/cmd/initialise/verify_grant.go:35" database=railway user=postgres
2025-09-04T01:16:32.718278795Z [err]  time="2025-09-04T01:16:32Z" level=info msg="verify zitadel" caller="/home/runner/work/zitadel/zitadel/cmd/initialise/verify_zitadel.go:80" database=railway
2025-09-04T01:16:32.726529371Z [err]  time="2025-09-04T01:16:32Z" level=info msg="verify system" caller="/home/runner/work/zitadel/zitadel/cmd/initialise/verify_zitadel.go:46"
2025-09-04T01:16:32.726542842Z [err]  time="2025-09-04T01:16:32Z" level=info msg="verify encryption keys" caller="/home/runner/work/zitadel/zitadel/cmd/initialise/verify_zitadel.go:51"
2025-09-04T01:16:32.729403633Z [err]  time="2025-09-04T01:16:32Z" level=info msg="verify projections" caller="/home/runner/work/zitadel/zitadel/cmd/initialise/verify_zitadel.go:56"
2025-09-04T01:16:32.729410620Z [err]  time="2025-09-04T01:16:32Z" level=info msg="verify eventstore" caller="/home/runner/work/zitadel/zitadel/cmd/initialise/verify_zitadel.go:61"
2025-09-04T01:16:32.729414985Z [err]  time="2025-09-04T01:16:32Z" level=info msg="verify events tables" caller="/home/runner/work/zitadel/zitadel/cmd/initialise/verify_zitadel.go:66"
2025-09-04T01:16:32.737744862Z [err]  time="2025-09-04T01:16:32Z" level=info msg="verify unique constraints" caller="/home/runner/work/zitadel/zitadel/cmd/initialise/verify_zitadel.go:71"
2025-09-04T01:16:32.843219043Z [err]  time="2025-09-04T01:16:32Z" level=info msg="setup started" caller="/home/runner/work/zitadel/zitadel/cmd/setup/setup.go:108"
2025-09-04T01:16:32.843222650Z [err]  time="2025-09-04T01:16:32Z" level=info msg="verify migration" caller="/home/runner/work/zitadel/zitadel/internal/migration/migration.go:46" name=14_events_push
2025-09-04T01:16:32.847334553Z [err]  time="2025-09-04T01:16:32Z" level=info msg="verify migration" caller="/home/runner/work/zitadel/zitadel/internal/migration/migration.go:46" name=40_init_push_func_v4
2025-09-04T01:16:32.847343431Z [err]  time="2025-09-04T01:16:32Z" level=info msg="verify migration" caller="/home/runner/work/zitadel/zitadel/internal/migration/migration.go:46" name=01_tables
2025-09-04T01:16:32.847351649Z [err]  time="2025-09-04T01:16:32Z" level=info msg="verify migration" caller="/home/runner/work/zitadel/zitadel/internal/migration/migration.go:46" name=02_assets
2025-09-04T01:16:32.850372426Z [err]  time="2025-09-04T01:16:32Z" level=info msg="verify migration" caller="/home/runner/work/zitadel/zitadel/internal/migration/migration.go:46" name=28_add_search_table
2025-09-04T01:16:32.850380598Z [err]  time="2025-09-04T01:16:32Z" level=info msg="verify migration" caller="/home/runner/work/zitadel/zitadel/internal/migration/migration.go:46" name=31_add_aggregate_index_to_fields
2025-09-04T01:16:32.850387109Z [err]  time="2025-09-04T01:16:32Z" level=info msg="verify migration" caller="/home/runner/work/zitadel/zitadel/internal/migration/migration.go:46" name=46_init_permission_functions
2025-09-04T01:16:32.850392805Z [err]  time="2025-09-04T01:16:32Z" level=info msg="verify migration" caller="/home/runner/work/zitadel/zitadel/internal/migration/migration.go:46" name=03_default_instance
2025-09-04T01:16:32.859303776Z [err]  time="2025-09-04T01:16:32Z" level=info msg="starting migration" caller="/home/runner/work/zitadel/zitadel/internal/migration/migration.go:69" name=03_default_instance
2025-09-04T01:16:34.317590136Z [err]  time="2025-09-04T01:16:34Z" level=warning msg="add unique constraint failed" caller="/home/runner/work/zitadel/zitadel/internal/eventstore/v3/unique_constraints.go:78" error="ERROR: duplicate key value violates unique constraint \"unique_constraints_pkey\" (SQLSTATE 23505)"
2025-09-04T01:16:34.317594392Z [err]  time="2025-09-04T01:16:34Z" level=error msg="migration failed" caller="/home/runner/work/zitadel/zitadel/internal/migration/migration.go:71" error="ID=V3-DKcYh Message=Errors.Instance.Domain.AlreadyExists Parent=(ERROR: duplicate key value violates unique constraint \"unique_constraints_pkey\" (SQLSTATE 23505))" name=03_default_instance
2025-09-04T01:16:34.317598125Z [err]  time="2025-09-04T01:16:34Z" level=error msg="migration failed" caller="/home/runner/work/zitadel/zitadel/cmd/setup/setup.go:364" code=23505 detail="Key (instance_id, unique_type, unique_field)=(, instance_domain, zitadel-development.up.railway.app) already exists." error="ID=V3-DKcYh Message=Errors.Instance.Domain.AlreadyExists Parent=(ERROR: duplicate key value violates unique constraint \"unique_constraints_pkey\" (SQLSTATE 23505))" hint= message="duplicate key value violates unique constraint \"unique_constraints_pkey\"" name=03_default_instance severity=ERROR
2025-09-04T01:16:34.317602657Z [err]  time="2025-09-04T01:16:34Z" level=fatal msg="setup failed, skipping cleanup" caller="/home/runner/work/zitadel/zitadel/cmd/setup/setup.go:124" error="migration failed: ID=V3-DKcYh Message=Errors.Instance.Domain.AlreadyExists Parent=(ERROR: duplicate key value violates unique constraint \"unique_constraints_pkey\" (SQLSTATE 23505))"
2025-09-04T01:16:35.624545860Z [err]  time="2025-09-04T01:16:35Z" level=info msg="initialization started" caller="/home/runner/work/zitadel/zitadel/cmd/initialise/init.go:70"
2025-09-04T01:16:35.661778358Z [err]  time="2025-09-04T01:16:35Z" level=info msg="verify user" caller="/home/runner/work/zitadel/zitadel/cmd/initialise/verify_user.go:40" username=postgres
2025-09-04T01:16:35.661784555Z [err]  time="2025-09-04T01:16:35Z" level=info msg="verify database" caller="/home/runner/work/zitadel/zitadel/cmd/initialise/verify_database.go:40" database=railway
2025-09-04T01:16:35.661790612Z [err]  time="2025-09-04T01:16:35Z" level=info msg="verify grant" caller="/home/runner/work/zitadel/zitadel/cmd/initialise/verify_grant.go:35" database=railway user=postgres
2025-09-04T01:16:35.661796316Z [err]  time="2025-09-04T01:16:35Z" level=info msg="verify zitadel" caller="/home/runner/work/zitadel/zitadel/cmd/initialise/verify_zitadel.go:80" database=railway
2025-09-04T01:16:35.663591820Z [err]  time="2025-09-04T01:16:35Z" level=info msg="verify system" caller="/home/runner/work/zitadel/zitadel/cmd/initialise/verify_zitadel.go:46"
2025-09-04T01:16:35.663599122Z [err]  time="2025-09-04T01:16:35Z" level=info msg="verify encryption keys" caller="/home/runner/work/zitadel/zitadel/cmd/initialise/verify_zitadel.go:51"
2025-09-04T01:16:35.663603559Z [err]  time="2025-09-04T01:16:35Z" level=info msg="verify projections" caller="/home/runner/work/zitadel/zitadel/cmd/initialise/verify_zitadel.go:56"
2025-09-04T01:16:35.667226552Z [err]  time="2025-09-04T01:16:35Z" level=info msg="verify eventstore" caller="/home/runner/work/zitadel/zitadel/cmd/initialise/verify_zitadel.go:61"
2025-09-04T01:16:35.667232598Z [err]  time="2025-09-04T01:16:35Z" level=info msg="verify events tables" caller="/home/runner/work/zitadel/zitadel/cmd/initialise/verify_zitadel.go:66"
2025-09-04T01:16:35.671131130Z [err]  time="2025-09-04T01:16:35Z" level=info msg="verify unique constraints" caller="/home/runner/work/zitadel/zitadel/cmd/initialise/verify_zitadel.go:71"
2025-09-04T01:16:35.776560616Z [err]  time="2025-09-04T01:16:35Z" level=info msg="setup started" caller="/home/runner/work/zitadel/zitadel/cmd/setup/setup.go:108"
2025-09-04T01:16:35.780259356Z [err]  time="2025-09-04T01:16:35Z" level=info msg="verify migration" caller="/home/runner/work/zitadel/zitadel/internal/migration/migration.go:46" name=14_events_push
2025-09-04T01:16:35.783883600Z [err]  time="2025-09-04T01:16:35Z" level=info msg="verify migration" caller="/home/runner/work/zitadel/zitadel/internal/migration/migration.go:46" name=40_init_push_func_v4
2025-09-04T01:16:35.787812494Z [err]  time="2025-09-04T01:16:35Z" level=info msg="verify migration" caller="/home/runner/work/zitadel/zitadel/internal/migration/migration.go:46" name=01_tables
2025-09-04T01:16:35.787820178Z [err]  time="2025-09-04T01:16:35Z" level=info msg="verify migration" caller="/home/runner/work/zitadel/zitadel/internal/migration/migration.go:46" name=02_assets
2025-09-04T01:16:35.787826198Z [err]  time="2025-09-04T01:16:35Z" level=info msg="verify migration" caller="/home/runner/work/zitadel/zitadel/internal/migration/migration.go:46" name=28_add_search_table
2025-09-04T01:16:35.787832315Z [err]  time="2025-09-04T01:16:35Z" level=info msg="verify migration" caller="/home/runner/work/zitadel/zitadel/internal/migration/migration.go:46" name=31_add_aggregate_index_to_fields
2025-09-04T01:16:35.787837963Z [err]  time="2025-09-04T01:16:35Z" level=info msg="verify migration" caller="/home/runner/work/zitadel/zitadel/internal/migration/migration.go:46" name=46_init_permission_functions
2025-09-04T01:16:35.790554968Z [err]  time="2025-09-04T01:16:35Z" level=info msg="verify migration" caller="/home/runner/work/zitadel/zitadel/internal/migration/migration.go:46" name=03_default_instance
2025-09-04T01:16:35.798775786Z [err]  time="2025-09-04T01:16:35Z" level=info msg="starting migration" caller="/home/runner/work/zitadel/zitadel/internal/migration/migration.go:69" name=03_default_instance
2025-09-04T01:16:37.375732324Z [err]  time="2025-09-04T01:16:37Z" level=warning msg="add unique constraint failed" caller="/home/runner/work/zitadel/zitadel/internal/eventstore/v3/unique_constraints.go:78" error="ERROR: duplicate key value violates unique constraint \"unique_constraints_pkey\" (SQLSTATE 23505)"
2025-09-04T01:16:37.375739066Z [err]  time="2025-09-04T01:16:37Z" level=error msg="migration failed" caller="/home/runner/work/zitadel/zitadel/internal/migration/migration.go:71" error="ID=V3-DKcYh Message=Errors.Instance.Domain.AlreadyExists Parent=(ERROR: duplicate key value violates unique constraint \"unique_constraints_pkey\" (SQLSTATE 23505))" name=03_default_instance
2025-09-04T01:16:37.379227779Z [err]  time="2025-09-04T01:16:37Z" level=error msg="migration failed" caller="/home/runner/work/zitadel/zitadel/cmd/setup/setup.go:364" code=23505 detail="Key (instance_id, unique_type, unique_field)=(, instance_domain, zitadel-development.up.railway.app) already exists." error="ID=V3-DKcYh Message=Errors.Instance.Domain.AlreadyExists Parent=(ERROR: duplicate key value violates unique constraint \"unique_constraints_pkey\" (SQLSTATE 23505))" hint= message="duplicate key value violates unique constraint \"unique_constraints_pkey\"" name=03_default_instance severity=ERROR
2025-09-04T01:16:37.379233831Z [err]  time="2025-09-04T01:16:37Z" level=fatal msg="setup failed, skipping cleanup" caller="/home/runner/work/zitadel/zitadel/cmd/setup/setup.go:124" error="migration failed: ID=V3-DKcYh Message=Errors.Instance.Domain.AlreadyExists Parent=(ERROR: duplicate key value violates unique constraint \"unique_constraints_pkey\" (SQLSTATE 23505))"
2025-09-04T01:16:38.549711322Z [err]  time="2025-09-04T01:16:38Z" level=info msg="initialization started" caller="/home/runner/work/zitadel/zitadel/cmd/initialise/init.go:70"
2025-09-04T01:16:38.565675464Z [err]  time="2025-09-04T01:16:38Z" level=info msg="verify user" caller="/home/runner/work/zitadel/zitadel/cmd/initialise/verify_user.go:40" username=postgres
2025-09-04T01:16:38.568837650Z [err]  time="2025-09-04T01:16:38Z" level=info msg="verify database" caller="/home/runner/work/zitadel/zitadel/cmd/initialise/verify_database.go:40" database=railway
2025-09-04T01:16:38.568844316Z [err]  time="2025-09-04T01:16:38Z" level=info msg="verify grant" caller="/home/runner/work/zitadel/zitadel/cmd/initialise/verify_grant.go:35" database=railway user=postgres
2025-09-04T01:16:38.568848829Z [err]  time="2025-09-04T01:16:38Z" level=info msg="verify zitadel" caller="/home/runner/work/zitadel/zitadel/cmd/initialise/verify_zitadel.go:80" database=railway
2025-09-04T01:16:38.577189700Z [err]  time="2025-09-04T01:16:38Z" level=info msg="verify system" caller="/home/runner/work/zitadel/zitadel/cmd/initialise/verify_zitadel.go:46"
2025-09-04T01:16:38.577198377Z [err]  time="2025-09-04T01:16:38Z" level=info msg="verify encryption keys" caller="/home/runner/work/zitadel/zitadel/cmd/initialise/verify_zitadel.go:51"
2025-09-04T01:16:38.580872894Z [err]  time="2025-09-04T01:16:38Z" level=info msg="verify projections" caller="/home/runner/work/zitadel/zitadel/cmd/initialise/verify_zitadel.go:56"
2025-09-04T01:16:38.580879378Z [err]  time="2025-09-04T01:16:38Z" level=info msg="verify eventstore" caller="/home/runner/work/zitadel/zitadel/cmd/initialise/verify_zitadel.go:61"
2025-09-04T01:16:38.580883889Z [err]  time="2025-09-04T01:16:38Z" level=info msg="verify events tables" caller="/home/runner/work/zitadel/zitadel/cmd/initialise/verify_zitadel.go:66"
2025-09-04T01:16:38.584208805Z [err]  time="2025-09-04T01:16:38Z" level=info msg="verify unique constraints" caller="/home/runner/work/zitadel/zitadel/cmd/initialise/verify_zitadel.go:71"
2025-09-04T01:16:38.689519746Z [err]  time="2025-09-04T01:16:38Z" level=info msg="setup started" caller="/home/runner/work/zitadel/zitadel/cmd/setup/setup.go:108"
2025-09-04T01:16:38.689526583Z [err]  time="2025-09-04T01:16:38Z" level=info msg="verify migration" caller="/home/runner/work/zitadel/zitadel/internal/migration/migration.go:46" name=14_events_push
2025-09-04T01:16:38.689530951Z [err]  time="2025-09-04T01:16:38Z" level=info msg="verify migration" caller="/home/runner/work/zitadel/zitadel/internal/migration/migration.go:46" name=40_init_push_func_v4
2025-09-04T01:16:38.693391258Z [err]  time="2025-09-04T01:16:38Z" level=info msg="verify migration" caller="/home/runner/work/zitadel/zitadel/internal/migration/migration.go:46" name=01_tables
2025-09-04T01:16:38.693397649Z [err]  time="2025-09-04T01:16:38Z" level=info msg="verify migration" caller="/home/runner/work/zitadel/zitadel/internal/migration/migration.go:46" name=02_assets
2025-09-04T01:16:38.693402347Z [err]  time="2025-09-04T01:16:38Z" level=info msg="verify migration" caller="/home/runner/work/zitadel/zitadel/internal/migration/migration.go:46" name=28_add_search_table
2025-09-04T01:16:38.697569829Z [err]  time="2025-09-04T01:16:38Z" level=info msg="verify migration" caller="/home/runner/work/zitadel/zitadel/internal/migration/migration.go:46" name=31_add_aggregate_index_to_fields
2025-09-04T01:16:38.697578213Z [err]  time="2025-09-04T01:16:38Z" level=info msg="verify migration" caller="/home/runner/work/zitadel/zitadel/internal/migration/migration.go:46" name=46_init_permission_functions
2025-09-04T01:16:38.697586473Z [err]  time="2025-09-04T01:16:38Z" level=info msg="verify migration" caller="/home/runner/work/zitadel/zitadel/internal/migration/migration.go:46" name=03_default_instance
2025-09-04T01:16:38.705938181Z [err]  time="2025-09-04T01:16:38Z" level=info msg="starting migration" caller="/home/runner/work/zitadel/zitadel/internal/migration/migration.go:69" name=03_default_instance
2025-09-04T01:16:40.204880495Z [err]  time="2025-09-04T01:16:40Z" level=warning msg="add unique constraint failed" caller="/home/runner/work/zitadel/zitadel/internal/eventstore/v3/unique_constraints.go:78" error="ERROR: duplicate key value violates unique constraint \"unique_constraints_pkey\" (SQLSTATE 23505)"
2025-09-04T01:16:40.207711567Z [err]  time="2025-09-04T01:16:40Z" level=error msg="migration failed" caller="/home/runner/work/zitadel/zitadel/internal/migration/migration.go:71" error="ID=V3-DKcYh Message=Errors.Instance.Domain.AlreadyExists Parent=(ERROR: duplicate key value violates unique constraint \"unique_constraints_pkey\" (SQLSTATE 23505))" name=03_default_instance
2025-09-04T01:16:40.210523522Z [err]  time="2025-09-04T01:16:40Z" level=error msg="migration failed" caller="/home/runner/work/zitadel/zitadel/cmd/setup/setup.go:364" code=23505 detail="Key (instance_id, unique_type, unique_field)=(, instance_domain, zitadel-development.up.railway.app) already exists." error="ID=V3-DKcYh Message=Errors.Instance.Domain.AlreadyExists Parent=(ERROR: duplicate key value violates unique constraint \"unique_constraints_pkey\" (SQLSTATE 23505))" hint= message="duplicate key value violates unique constraint \"unique_constraints_pkey\"" name=03_default_instance severity=ERROR
2025-09-04T01:16:40.210529608Z [err]  time="2025-09-04T01:16:40Z" level=fatal msg="setup failed, skipping cleanup" caller="/home/runner/work/zitadel/zitadel/cmd/setup/setup.go:124" error="migration failed: ID=V3-DKcYh Message=Errors.Instance.Domain.AlreadyExists Parent=(ERROR: duplicate key value violates unique constraint \"unique_constraints_pkey\" (SQLSTATE 23505))"